[22:11:37.710] [INFO] Storybook upgrade - v10.3.5
[22:11:37.712] [INFO] Detecting projects...
[22:11:37.712] [DEBUG] Finding Storybook projects...
[22:11:38.921] [DEBUG] Found 2 Storybook projects
[22:11:38.922] [INFO] Detecting projects: 1 projects
[22:11:38.922] [DEBUG] Getting Storybook data...
[22:11:38.922] [DEBUG] Getting Storybook info...
[22:11:38.926] [INFO] Detecting projects: 2 projects
[22:11:38.926] [DEBUG] Getting Storybook data...
[22:11:38.926] [DEBUG] Getting Storybook info...
[22:11:38.982] [DEBUG] SB_CORE-SERVER_0006 (MainFileMissingError): No configuration files have been found in your configDir: /workspaces/core.worktrees/main/libs/journeys/ui/.storybook.
Storybook needs a "main.js|ts" file, please add it.

You can pass a --config-dir flag to tell Storybook, where your main.js|ts file is located at.

More info: https://storybook.js.org/docs/configure?ref=error

[22:11:39.002] [DEBUG] Loading main config...
[22:11:39.003] [DEBUG] Getting stories paths...
[22:11:39.072] [DEBUG] Getting package manager...
[22:11:40.482] [DEBUG] Getting package.json info for /workspaces/core.worktrees/main/package.json...
[22:11:40.482] [DEBUG] Getting Storybook version...
[22:11:40.483] [DEBUG] Detecting CSF factory usage...
[22:11:40.495] [DEBUG] /.storybook - Validating before version... 10.3.5
[22:11:40.495] [DEBUG] /.storybook - Validating upgrade compatibility...
[22:11:40.495] [DEBUG] /.storybook - Fetching NPM version information...
[22:11:40.495] [DEBUG] Getting CLI versions from NPM for storybook...
[22:11:40.495] [DEBUG] Executing command: pnpm info storybook version
[22:11:40.500] [DEBUG] Getting CLI versions from NPM for storybook@next...
[22:11:40.500] [DEBUG] Executing command: pnpm info storybook@next version
[22:11:41.160] [DEBUG] /.storybook - Evaluating blockers...
[22:11:41.167] [DEBUG] Getting installed version for @storybook/experimental-addon-test...
[22:11:41.167] [DEBUG] Executing command: pnpm list "@storybook/experimental-addon-test" --json --depth=99
[22:11:41.832] [DEBUG] Installed version for @storybook/experimental-addon-test: null
[22:11:41.832] [INFO] 2 projects detected
[22:11:41.833] [DEBUG] Found 1 valid projects and 1 error projects
[22:11:41.833] [INFO] Upgrading from 10.3.5 to 10.3.5
[22:11:41.833] [DEBUG] Updating dependencies in /.storybook...
[22:11:41.833] [INFO] /package.json
/apis/api-users/package.json
/apis/api-journeys-modern/package.json
/apis/api-journeys/package.json
[22:11:41.833] [DEBUG] Using cached package.json for /workspaces/core.worktrees/main/package.json...
[22:11:41.834] [DEBUG] Getting CLI versions from NPM for @chromatic-com/storybook...
[22:11:41.834] [DEBUG] Executing command: pnpm info @chromatic-com/storybook version
[22:11:42.384] [DEBUG] {
  "upgradedDependencies": []
}
[22:11:42.384] [DEBUG] {
  "upgradedDevDependencies": [
    "@storybook/addon-a11y@^10.3.5",
    "@storybook/addon-docs@^10.3.5",
    "@storybook/nextjs@^10.3.5",
    "eslint-plugin-storybook@^10.3.5",
    "storybook@^10.3.5",
    "@chromatic-com/storybook@^5.1.2"
  ]
}
[22:11:42.384] [DEBUG] {
  "upgradedPeerDependencies": []
}
[22:11:42.384] [DEBUG] Getting package.json info for /workspaces/core.worktrees/main/package.json...
[22:11:42.384] [DEBUG] Using cached package.json for /workspaces/core.worktrees/main/package.json...
[22:11:42.384] [DEBUG] Using cached package.json for /workspaces/core.worktrees/main/package.json...
[22:11:42.384] [DEBUG] Getting package.json info for /workspaces/core.worktrees/main/package.json...
[22:11:42.384] [DEBUG] Using cached package.json for /workspaces/core.worktrees/main/package.json...
[22:11:42.385] [DEBUG] Getting CLI versions from NPM for @storybook/addon-a11y...
[22:11:42.385] [DEBUG] Executing command: pnpm info @storybook/addon-a11y version
[22:11:43.354] [DEBUG] Getting CLI versions from NPM for @storybook/addon-docs...
[22:11:43.354] [DEBUG] Executing command: pnpm info @storybook/addon-docs version
[22:11:44.332] [DEBUG] Getting CLI versions from NPM for @storybook/nextjs...
[22:11:44.332] [DEBUG] Executing command: pnpm info @storybook/nextjs version
[22:11:45.156] [DEBUG] Getting CLI versions from NPM for eslint-plugin-storybook...
[22:11:45.156] [DEBUG] Executing command: pnpm info eslint-plugin-storybook version
[22:11:45.826] [DEBUG] Using cached version for storybook...
[22:11:45.826] [DEBUG] Using cached version for @chromatic-com/storybook...
[22:11:45.826] [DEBUG] Using cached package.json for /workspaces/core.worktrees/main/package.json...
[22:11:45.826] [DEBUG] Getting package.json info for /workspaces/core.worktrees/main/package.json...
[22:11:45.826] [DEBUG] Using cached package.json for /workspaces/core.worktrees/main/package.json...
[22:11:45.826] [DEBUG] Using cached package.json for /workspaces/core.worktrees/main/package.json...
[22:11:45.826] [DEBUG] Using cached package.json for /workspaces/core.worktrees/main/apis/api-users/package.json...
[22:11:45.826] [DEBUG] {
  "upgradedDependencies": []
}
[22:11:45.826] [DEBUG] {
  "upgradedDevDependencies": []
}
[22:11:45.826] [DEBUG] {
  "upgradedPeerDependencies": []
}
[22:11:45.826] [DEBUG] Getting package.json info for /workspaces/core.worktrees/main/apis/api-users/package.json...
[22:11:45.826] [DEBUG] Using cached package.json for /workspaces/core.worktrees/main/apis/api-users/package.json...
[22:11:45.826] [DEBUG] Using cached package.json for /workspaces/core.worktrees/main/apis/api-users/package.json...
[22:11:45.827] [DEBUG] Getting package.json info for /workspaces/core.worktrees/main/apis/api-users/package.json...
[22:11:45.827] [DEBUG] Using cached package.json for /workspaces/core.worktrees/main/apis/api-users/package.json...
[22:11:45.827] [DEBUG] Using cached package.json for /workspaces/core.worktrees/main/apis/api-users/package.json...
[22:11:45.827] [DEBUG] Getting package.json info for /workspaces/core.worktrees/main/apis/api-users/package.json...
[22:11:45.827] [DEBUG] Using cached package.json for /workspaces/core.worktrees/main/apis/api-users/package.json...
[22:11:45.827] [DEBUG] Using cached package.json for /workspaces/core.worktrees/main/apis/api-users/package.json...
[22:11:45.827] [DEBUG] Using cached package.json for /workspaces/core.worktrees/main/apis/api-journeys-modern/package.json...
[22:11:45.827] [DEBUG] {
  "upgradedDependencies": []
}
[22:11:45.827] [DEBUG] {
  "upgradedDevDependencies": []
}
[22:11:45.827] [DEBUG] {
  "upgradedPeerDependencies": []
}
[22:11:45.827] [DEBUG] Getting package.json info for /workspaces/core.worktrees/main/apis/api-journeys-modern/package.json...
[22:11:45.827] [DEBUG] Using cached package.json for /workspaces/core.worktrees/main/apis/api-journeys-modern/package.json...
[22:11:45.827] [DEBUG] Using cached package.json for /workspaces/core.worktrees/main/apis/api-journeys-modern/package.json...
[22:11:45.827] [DEBUG] Getting package.json info for /workspaces/core.worktrees/main/apis/api-journeys-modern/package.json...
[22:11:45.827] [DEBUG] Using cached package.json for /workspaces/core.worktrees/main/apis/api-journeys-modern/package.json...
[22:11:45.827] [DEBUG] Using cached package.json for /workspaces/core.worktrees/main/apis/api-journeys-modern/package.json...
[22:11:45.827] [DEBUG] Getting package.json info for /workspaces/core.worktrees/main/apis/api-journeys-modern/package.json...
[22:11:45.827] [DEBUG] Using cached package.json for /workspaces/core.worktrees/main/apis/api-journeys-modern/package.json...
[22:11:45.827] [DEBUG] Using cached package.json for /workspaces/core.worktrees/main/apis/api-journeys-modern/package.json...
[22:11:45.827] [DEBUG] Using cached package.json for /workspaces/core.worktrees/main/apis/api-journeys/package.json...
[22:11:45.827] [DEBUG] {
  "upgradedDependencies": []
}
[22:11:45.827] [DEBUG] {
  "upgradedDevDependencies": []
}
[22:11:45.827] [DEBUG] {
  "upgradedPeerDependencies": []
}
[22:11:45.827] [DEBUG] Getting package.json info for /workspaces/core.worktrees/main/apis/api-journeys/package.json...
[22:11:45.827] [DEBUG] Using cached package.json for /workspaces/core.worktrees/main/apis/api-journeys/package.json...
[22:11:45.827] [DEBUG] Using cached package.json for /workspaces/core.worktrees/main/apis/api-journeys/package.json...
[22:11:45.828] [DEBUG] Getting package.json info for /workspaces/core.worktrees/main/apis/api-journeys/package.json...
[22:11:45.828] [DEBUG] Using cached package.json for /workspaces/core.worktrees/main/apis/api-journeys/package.json...
[22:11:45.828] [DEBUG] Using cached package.json for /workspaces/core.worktrees/main/apis/api-journeys/package.json...
[22:11:45.828] [DEBUG] Getting package.json info for /workspaces/core.worktrees/main/apis/api-journeys/package.json...
[22:11:45.828] [DEBUG] Using cached package.json for /workspaces/core.worktrees/main/apis/api-journeys/package.json...
[22:11:45.828] [DEBUG] Using cached package.json for /workspaces/core.worktrees/main/apis/api-journeys/package.json...
[22:11:45.828] [INFO] Updated package versions in package.json files
[22:11:45.828] [DEBUG] Starting automigration collection across 1 projects and 19 fixes...
[22:11:45.828] [INFO] Checking automigrations for /.storybook...
[22:11:45.828] [DEBUG] Processing project: /.storybook
[22:11:45.828] [DEBUG] Checking fix eslintPlugin for project /.storybook...
[22:11:45.829] [DEBUG] Using cached package.json for /workspaces/core.worktrees/main/package.json...
[22:11:45.829] [DEBUG] Using cached package.json for /workspaces/core.worktrees/main/apis/api-users/package.json...
[22:11:45.829] [DEBUG] Using cached package.json for /workspaces/core.worktrees/main/apis/api-journeys-modern/package.json...
[22:11:45.829] [DEBUG] Using cached package.json for /workspaces/core.worktrees/main/apis/api-journeys/package.json...
[22:11:45.829] [DEBUG] Using cached package.json for /workspaces/core.worktrees/main/package.json...
[22:11:45.829] [DEBUG] Checking fix addon-mdx-gfm-remove for project /.storybook...
[22:11:45.829] [DEBUG] Using cached package.json for /workspaces/core.worktrees/main/package.json...
[22:11:45.829] [DEBUG] Using cached package.json for /workspaces/core.worktrees/main/apis/api-users/package.json...
[22:11:45.829] [DEBUG] Using cached package.json for /workspaces/core.worktrees/main/apis/api-journeys-modern/package.json...
[22:11:45.829] [DEBUG] Using cached package.json for /workspaces/core.worktrees/main/apis/api-journeys/package.json...
[22:11:45.829] [DEBUG] Checking fix addon-storysource-code-panel for project /.storybook...
[22:11:45.829] [DEBUG] Checking fix upgrade-storybook-related-dependencies for project /.storybook...
[22:11:45.829] [DEBUG] Checking for incompatible storybook packages...
[22:11:45.829] [DEBUG] Using cached package.json for /workspaces/core.worktrees/main/package.json...
[22:11:45.829] [DEBUG] Using cached package.json for /workspaces/core.worktrees/main/apis/api-users/package.json...
[22:11:45.829] [DEBUG] Using cached package.json for /workspaces/core.worktrees/main/apis/api-journeys-modern/package.json...
[22:11:45.829] [DEBUG] Using cached package.json for /workspaces/core.worktrees/main/apis/api-journeys/package.json...
[22:11:45.830] [DEBUG] Using cached package.json for /workspaces/core.worktrees/main/package.json...
[22:11:45.830] [DEBUG] Using cached package.json for /workspaces/core.worktrees/main/apis/api-users/package.json...
[22:11:45.830] [DEBUG] Using cached package.json for /workspaces/core.worktrees/main/apis/api-journeys-modern/package.json...
[22:11:45.830] [DEBUG] Using cached package.json for /workspaces/core.worktrees/main/apis/api-journeys/package.json...
[22:11:45.830] [DEBUG] Getting installed version for @nx/storybook...
[22:11:45.830] [DEBUG] Executing command: pnpm list "@nx/storybook" --json --depth=99
[22:11:45.833] [DEBUG] Getting installed version for @storybook/test...
[22:11:45.833] [DEBUG] Executing command: pnpm list "@storybook/test" --json --depth=99
[22:11:45.835] [DEBUG] Getting installed version for msw-storybook-addon...
[22:11:45.835] [DEBUG] Executing command: pnpm list "msw-storybook-addon" --json --depth=99
[22:11:45.837] [DEBUG] Getting installed version for storybook-addon-apollo-client...
[22:11:45.837] [DEBUG] Executing command: pnpm list "storybook-addon-apollo-client" --json --depth=99
[22:11:46.716] [DEBUG] Installed version for storybook-addon-apollo-client: 10.0.0
[22:11:46.716] [DEBUG] Getting CLI versions from NPM for storybook-addon-apollo-client...
[22:11:46.716] [DEBUG] Executing command: pnpm info storybook-addon-apollo-client version
[22:11:46.720] [DEBUG] Installed version for @nx/storybook: 22.0.2
[22:11:46.720] [DEBUG] Getting CLI versions from NPM for @nx/storybook...
[22:11:46.720] [DEBUG] Executing command: pnpm info @nx/storybook version
[22:11:46.746] [DEBUG] Installed version for msw-storybook-addon: 2.0.5
[22:11:46.746] [DEBUG] Getting CLI versions from NPM for msw-storybook-addon...
[22:11:46.746] [DEBUG] Executing command: pnpm info msw-storybook-addon version
[22:11:46.754] [DEBUG] Installed version for @storybook/test: null
[22:11:46.754] [DEBUG] Getting CLI versions from NPM for @storybook/test...
[22:11:46.754] [DEBUG] Executing command: pnpm info @storybook/test version
[22:11:47.516] [DEBUG] Checking fix initial-globals for project /.storybook...
[22:11:47.521] [DEBUG] Checking fix addon-globals-api for project /.storybook...
[22:11:47.525] [DEBUG] Checking fix addon-a11y-addon-test for project /.storybook...
[22:11:47.525] [DEBUG] Checking fix consolidated-imports for project /.storybook...
[22:11:47.526] [DEBUG] Checking fix addon-experimental-test for project /.storybook...
[22:11:47.526] [DEBUG] Using cached installed version for @storybook/experimental-addon-test...
[22:11:47.526] [DEBUG] Checking fix rnstorybook-config for project /.storybook...
[22:11:47.526] [DEBUG] Using cached package.json for /workspaces/core.worktrees/main/package.json...
[22:11:47.526] [DEBUG] Using cached package.json for /workspaces/core.worktrees/main/apis/api-users/package.json...
[22:11:47.526] [DEBUG] Using cached package.json for /workspaces/core.worktrees/main/apis/api-journeys-modern/package.json...
[22:11:47.526] [DEBUG] Using cached package.json for /workspaces/core.worktrees/main/apis/api-journeys/package.json...
[22:11:47.526] [DEBUG] Checking fix migrate-addon-console for project /.storybook...
[22:11:47.526] [DEBUG] Using cached package.json for /workspaces/core.worktrees/main/package.json...
[22:11:47.527] [DEBUG] Using cached package.json for /workspaces/core.worktrees/main/apis/api-users/package.json...
[22:11:47.527] [DEBUG] Using cached package.json for /workspaces/core.worktrees/main/apis/api-journeys-modern/package.json...
[22:11:47.527] [DEBUG] Using cached package.json for /workspaces/core.worktrees/main/apis/api-journeys/package.json...
[22:11:47.527] [DEBUG] Checking fix nextjs-to-nextjs-vite for project /.storybook...
[22:11:47.527] [DEBUG] Using cached package.json for /workspaces/core.worktrees/main/package.json...
[22:11:47.527] [DEBUG] Using cached package.json for /workspaces/core.worktrees/main/apis/api-users/package.json...
[22:11:47.527] [DEBUG] Using cached package.json for /workspaces/core.worktrees/main/apis/api-journeys-modern/package.json...
[22:11:47.527] [DEBUG] Using cached package.json for /workspaces/core.worktrees/main/apis/api-journeys/package.json...
[22:11:47.528] [DEBUG] Checking fix remove-addon-interactions for project /.storybook...
[22:11:47.528] [DEBUG] Using cached package.json for /workspaces/core.worktrees/main/package.json...
[22:11:47.528] [DEBUG] Using cached package.json for /workspaces/core.worktrees/main/apis/api-users/package.json...
[22:11:47.528] [DEBUG] Using cached package.json for /workspaces/core.worktrees/main/apis/api-journeys-modern/package.json...
[22:11:47.528] [DEBUG] Using cached package.json for /workspaces/core.worktrees/main/apis/api-journeys/package.json...
[22:11:47.528] [DEBUG] Checking fix renderer-to-framework for project /.storybook...
[22:11:47.529] [DEBUG] Checking fix remove-essential-addons for project /.storybook...
[22:11:47.529] [DEBUG] Using cached package.json for /workspaces/core.worktrees/main/package.json...
[22:11:47.529] [DEBUG] Using cached package.json for /workspaces/core.worktrees/main/apis/api-users/package.json...
[22:11:47.529] [DEBUG] Using cached package.json for /workspaces/core.worktrees/main/apis/api-journeys-modern/package.json...
[22:11:47.529] [DEBUG] Using cached package.json for /workspaces/core.worktrees/main/apis/api-journeys/package.json...
[22:11:47.529] [DEBUG] Checking fix addon-a11y-parameters for project /.storybook...
[22:11:47.529] [DEBUG] Checking fix remove-docs-autodocs for project /.storybook...
[22:11:47.537] [DEBUG] Checking fix wrap-getAbsolutePath for project /.storybook...
[22:11:47.542] [DEBUG] Checking fix fix-faux-esm-require for project /.storybook...
[22:11:47.543] [INFO] 
Automigrations detected:
[22:11:47.543] [INFO] ✔ upgrade-storybook-related-dependencies
[22:11:47.543] [INFO] ✔ addon-globals-api
[22:11:47.543] [INFO] ✔ consolidated-imports
[22:11:47.544] [INFO] ✔ nextjs-to-nextjs-vite
[22:11:47.544] [INFO] ✔ fix-faux-esm-require
[22:11:47.544] [INFO] 5 automigration(s) detected
[22:11:47.544] [INFO] Running all detected automigrations:
[22:11:47.544] [INFO]   - upgrade-storybook-related-dependencies (/.storybook)
[22:11:47.544] [INFO]   - addon-globals-api (/.storybook)
[22:11:47.544] [INFO]   - consolidated-imports (/.storybook)
[22:11:47.545] [INFO]   - nextjs-to-nextjs-vite (/.storybook)
[22:11:47.545] [INFO]   - fix-faux-esm-require (/.storybook)
[22:11:47.545] [DEBUG] Using cached package.json for /workspaces/core.worktrees/main/package.json...
[22:11:47.546] [DEBUG] Using cached package.json for /workspaces/core.worktrees/main/apis/api-users/package.json...
[22:11:47.547] [DEBUG] Using cached package.json for /workspaces/core.worktrees/main/apis/api-journeys-modern/package.json...
[22:11:47.547] [DEBUG] Using cached package.json for /workspaces/core.worktrees/main/apis/api-journeys/package.json...
[22:11:47.547] [INFO] ✔ upgrade-storybook-related-dependencies
[22:11:48.881] [INFO] ✔ addon-globals-api
[22:11:48.980] [INFO] ✔ consolidated-imports
[22:11:48.981] [INFO] Migrating from @storybook/nextjs to @storybook/nextjs-vite...
[22:11:48.981] [DEBUG] Updating package.json files...
[22:11:48.981] [DEBUG] Getting dependency version for vite...
[22:11:48.981] [DEBUG] Using cached package.json for /workspaces/core.worktrees/main/package.json...
[22:11:48.981] [DEBUG] Using cached package.json for /workspaces/core.worktrees/main/apis/api-users/package.json...
[22:11:48.981] [DEBUG] Using cached package.json for /workspaces/core.worktrees/main/apis/api-journeys-modern/package.json...
[22:11:48.981] [DEBUG] Using cached package.json for /workspaces/core.worktrees/main/apis/api-journeys/package.json...
[22:11:48.981] [DEBUG] Using cached package.json for /workspaces/core.worktrees/main/package.json...
[22:11:48.981] [DEBUG] Using cached package.json for /workspaces/core.worktrees/main/package.json...
[22:11:48.981] [DEBUG] Using cached package.json for /workspaces/core.worktrees/main/package.json...
[22:11:48.981] [DEBUG] Getting CLI versions from NPM for @storybook/nextjs-vite...
[22:11:48.981] [DEBUG] Executing command: pnpm info @storybook/nextjs-vite version
[22:11:49.657] [DEBUG] Using cached package.json for /workspaces/core.worktrees/main/package.json...
[22:11:49.657] [DEBUG] Updating main config file...
[22:11:49.658] [DEBUG] Scanning and updating import statements...
[22:11:49.734] [INFO] Migration completed successfully!
[22:11:49.734] [INFO] For more information, see: https://storybook.js.org/docs/get-started/frameworks/nextjs-vite
[22:11:49.735] [INFO] ✔ nextjs-to-nextjs-vite
[22:11:49.740] [INFO] ✔ fix-faux-esm-require
[22:11:49.740] [INFO] Completed automigrations for /.storybook
[22:11:49.740] [INFO] Installing dependencies...
[22:11:49.740] [INFO] Installing dependencies...
[22:11:49.741] [DEBUG] Executing command: pnpm install -w
[22:11:50.273] [INFO] Installing dependencies...:  WARN  `node_modules` is present. Lockfile only installation will make it out-of-date

[22:11:50.273] [INFO] Installing dependencies...: WARN  `node_modules` is p
[22:11:50.708] [INFO] Installing dependencies...: Progress: resolved 1, reused 0, downloaded 0, added 0

[22:11:50.708] [INFO] Installing dependencies...: Progress: resolved 1, reu
[22:11:51.708] [INFO] Installing dependencies...: Progress: resolved 69, reused 0, downloaded 0, added 0

[22:11:51.708] [INFO] Installing dependencies...: Progress: resolved 69, re
[22:11:52.361] [INFO] Installing dependencies...:  WARN  deprecated i18next-parser@9.3.0: Project is deprecated, use i18next-cli instead

[22:11:52.361] [INFO] Installing dependencies...: WARN  deprecated i18next-
[22:11:52.760] [INFO] Installing dependencies...: Progress: resolved 147, reused 0, downloaded 0, added 0

[22:11:52.760] [INFO] Installing dependencies...: Progress: resolved 147, r
[22:11:52.973] [INFO] Installing dependencies...:  WARN  deprecated @apollo/server@4.11.3: Apollo Server v4 is end-of-life since January 26, 2026. As long as you are already using a non-EOL version of Node.js, upgrading to v5 should take only a few minutes. See https://www.apollographql.com/docs/apollo-server/previous-versions for details.

[22:11:52.973] [INFO] Installing dependencies...: WARN  deprecated @apollo/
[22:11:53.779] [INFO] Installing dependencies...: Progress: resolved 213, reused 0, downloaded 0, added 0

[22:11:53.779] [INFO] Installing dependencies...: Progress: resolved 213, r
[22:11:54.275] [INFO] Installing dependencies...:  WARN  deprecated @react-email/components@0.0.36: Package no longer supported. Contact Support at https://www.npmjs.com/support for more info.

[22:11:54.275] [INFO] Installing dependencies...: WARN  deprecated @react-e
[22:11:54.344] [INFO] Installing dependencies...:  WARN  deprecated adal-node@0.2.4: This package is no longer supported. Please migrate to @azure/msal-node.

[22:11:54.344] [INFO] Installing dependencies...: WARN  deprecated adal-nod
[22:11:54.779] [INFO] Installing dependencies...: Progress: resolved 301, reused 0, downloaded 0, added 0

[22:11:54.779] [INFO] Installing dependencies...: Progress: resolved 301, r
[22:11:55.493] [INFO] Installing dependencies...:  WARN  deprecated subscriptions-transport-ws@0.11.0: The `subscriptions-transport-ws` package is no longer maintained. We recommend you use `graphql-ws` instead. For help migrating Apollo software to `graphql-ws`, see https://www.apollographql.com/docs/apollo-server/data/subscriptions/#switching-from-subscriptions-transport-ws    For general help using `graphql-ws`, see https://github.com/enisdenjo/graphql-ws/blob/master/README.md

[22:11:55.493] [INFO] Installing dependencies...: WARN  deprecated subscrip
[22:11:56.450] [INFO] Installing dependencies...: Progress: resolved 366, reused 0, downloaded 0, added 0

[22:11:56.450] [INFO] Installing dependencies...: Progress: resolved 366, r
[22:11:57.385] [INFO] Installing dependencies...:  WARN  deprecated next@15.5.7: This version has a security vulnerability. Please upgrade to a patched version. See https://nextjs.org/blog/security-update-2025-12-11 for more details.

[22:11:57.385] [INFO] Installing dependencies...: WARN  deprecated next@15.
[22:11:57.449] [INFO] Installing dependencies...: Progress: resolved 392, reused 0, downloaded 0, added 0

[22:11:57.449] [INFO] Installing dependencies...: Progress: resolved 392, r
[22:11:58.727] [INFO] Installing dependencies...: Progress: resolved 393, reused 0, downloaded 0, added 0

[22:11:58.727] [INFO] Installing dependencies...: Progress: resolved 393, r
[22:11:59.727] [INFO] Installing dependencies...: Progress: resolved 624, reused 0, downloaded 0, added 0

[22:11:59.727] [INFO] Installing dependencies...: Progress: resolved 624, r
[22:12:00.730] [INFO] Installing dependencies...: Progress: resolved 867, reused 0, downloaded 0, added 0

[22:12:00.730] [INFO] Installing dependencies...: Progress: resolved 867, r
[22:12:01.770] [INFO] Installing dependencies...: Progress: resolved 1267, reused 0, downloaded 0, added 0

[22:12:01.770] [INFO] Installing dependencies...: Progress: resolved 1267, 
[22:12:02.768] [INFO] Installing dependencies...: Progress: resolved 1505, reused 0, downloaded 0, added 0

[22:12:02.768] [INFO] Installing dependencies...: Progress: resolved 1505, 
[22:12:03.773] [INFO] Installing dependencies...: Progress: resolved 1832, reused 0, downloaded 0, added 0

[22:12:03.773] [INFO] Installing dependencies...: Progress: resolved 1832, 
[22:12:04.793] [INFO] Installing dependencies...: Progress: resolved 2114, reused 0, downloaded 0, added 0

[22:12:04.793] [INFO] Installing dependencies...: Progress: resolved 2114, 
[22:12:05.800] [INFO] Installing dependencies...: Progress: resolved 2653, reused 0, downloaded 0, added 0

[22:12:05.800] [INFO] Installing dependencies...: Progress: resolved 2653, 
[22:12:06.800] [INFO] Installing dependencies...: Progress: resolved 2904, reused 0, downloaded 0, added 0

[22:12:06.800] [INFO] Installing dependencies...: Progress: resolved 2904, 
[22:12:07.801] [INFO] Installing dependencies...: Progress: resolved 2971, reused 0, downloaded 0, added 0

[22:12:07.801] [INFO] Installing dependencies...: Progress: resolved 2971, 
[22:12:08.812] [INFO] Installing dependencies...: Progress: resolved 3096, reused 0, downloaded 0, added 0

[22:12:08.812] [INFO] Installing dependencies...: Progress: resolved 3096, 
[22:12:09.812] [INFO] Installing dependencies...: Progress: resolved 3346, reused 0, downloaded 0, added 0

[22:12:09.812] [INFO] Installing dependencies...: Progress: resolved 3346, 
[22:12:10.813] [INFO] Installing dependencies...: Progress: resolved 3738, reused 0, downloaded 0, added 0

[22:12:10.813] [INFO] Installing dependencies...: Progress: resolved 3738, 
[22:12:11.816] [INFO] Installing dependencies...: Progress: resolved 4318, reused 0, downloaded 0, added 0

[22:12:11.816] [INFO] Installing dependencies...: Progress: resolved 4318, 
[22:12:12.816] [INFO] Installing dependencies...: Progress: resolved 4447, reused 0, downloaded 0, added 0

[22:12:12.816] [INFO] Installing dependencies...: Progress: resolved 4447, 
[22:12:13.816] [INFO] Installing dependencies...: Progress: resolved 4933, reused 0, downloaded 0, added 0

[22:12:13.816] [INFO] Installing dependencies...: Progress: resolved 4933, 
[22:12:14.817] [INFO] Installing dependencies...: Progress: resolved 5281, reused 0, downloaded 0, added 0

[22:12:14.817] [INFO] Installing dependencies...: Progress: resolved 5281, 
[22:12:15.359] [INFO] Installing dependencies...:  WARN  deprecated puppeteer@23.7.0: < 24.15.0 is no longer supported

[22:12:15.359] [INFO] Installing dependencies...: WARN  deprecated puppetee
[22:12:15.818] [INFO] Installing dependencies...: Progress: resolved 5565, reused 0, downloaded 0, added 0

[22:12:15.818] [INFO] Installing dependencies...: Progress: resolved 5565, 
[22:12:16.700] [INFO] Installing dependencies...:  WARN  48 deprecated subdependencies found: @apollo/server-gateway-interface@1.1.1, @apollo/server-plugin-landing-page-graphql-playground@4.0.1, @apollo/server@4.11.0, @datadog/native-iast-rewriter@2.8.0, @graphql-hive/logger-json@0.0.8, @graphql-mesh/plugin-opentelemetry@1.3.67, @graphql-tools/prisma-loader@8.0.4, @koa/router@12.0.2, @smithy/core@3.18.4, @xmldom/xmldom@0.8.6, basic-ftp@5.3.0, boolean@3.2.0, buildmail@3.10.0, formidable@1.2.6, git-raw-commits@2.0.11, glob@10.3.4, glob@10.4.5, glob@10.5.0, glob@7.2.3, glob@8.1.0, google-p12-pem@4.0.1, inflight@1.0.6, intl-messageformat-parser@1.8.1, keygrip@1.1.0, lodash.get@4.4.2, lodash.isequal@4.5.0, lodash.omit@4.5.0, mailcomposer@3.12.0, mkdirp@0.3.0, multer@1.4.5-lts.1, next@14.2.33, next@15.1.2, node-domexception@1.0.0, prebuild-install@7.1.3, q@1.5.1, rimraf@2.7.1, rimraf@3.0.2, rollup-plugin-inject@3.0.2, sourcemap-codec@1.4.8, stable@0.1.8, superagent@3.8.1, tar@6.2.1, tar@7.4.3, tar@7.5.7, uuid@3.4.0, whatwg-encoding@2.0.0, whatwg-encoding@3.1.1, wrangler@3.114.0

[22:12:16.700] [INFO] Installing dependencies...: WARN  48 deprecated subde
[22:12:16.846] [INFO] Installing dependencies...: Progress: resolved 5572, reused 0, downloaded 0, added 0

[22:12:16.846] [INFO] Installing dependencies...: Progress: resolved 5572, 
[22:12:16.856] [INFO] Installing dependencies...: Progress: resolved 5572, reused 0, downloaded 0, added 0, done

[22:12:16.856] [INFO] Installing dependencies...: Progress: resolved 5572, 
[22:12:16.863] [INFO] Installing dependencies...:  WARN  Issues with peer dependencies found
.
├─┬ @nestjs/common 11.0.16
│ └── ✕ unmet peer file-type@^20.4.1: found 21.0.0
├─┬ vue-class-component 7.2.6
│ └── ✕ unmet peer vue@^2.0.0: found 3.5.13
├─┬ @naxodev/nx-cloudflare 5.0.2
│ └─┬ next 14.2.33
│   ├── ✕ unmet peer react@^18.2.0: found 19.2.0
│   └── ✕ unmet peer react-dom@^18.2.0: found 19.2.0
├─┬ @nx/storybook 22.6.5
│ └─┬ @nx/eslint 22.6.5
│   └─┬ @nx/js 22.6.5
│     └─┬ @nx/workspace 22.6.5
│       └─┬ nx 22.6.5
│         ├── ✕ unmet peer @swc/core@^1.15.8: found 1.5.29
│         └── ✕ unmet peer @swc-node/register@^1.11.1: found 1.9.2
├─┬ @storybook/test 8.6.14
│ ├── ✕ unmet peer storybook@^8.6.14: found 10.3.5
│ └─┬ @storybook/instrumenter 8.6.14
│   └── ✕ unmet peer storybook@^8.6.14: found 10.3.5
├─┬ checkly 6.8.2
│ └─┬ @typescript-eslint/typescript-estree 8.31.1
│   └── ✕ unmet peer typescript@">=4.8.4 <5.9.0": found 5.9.3
├─┬ @casl/prisma 1.5.2
│ └── ✕ unmet peer @prisma/client@"^2.14.0 || ^3.0.0 || ^4.0.0 || ^5.0.0 || ^6.0.0": found 7.4.2
├─┬ @graphql-hive/gateway 1.16.5
│ ├─┬ @graphql-mesh/plugin-jwt-auth 1.5.10
│ │ └─┬ @graphql-yoga/plugin-jwt 3.10.2
│ │   └── ✕ unmet peer graphql-yoga@^5.16.2: found 5.15.1
│ ├─┬ @graphql-yoga/render-graphiql 5.16.2
│ │ └── ✕ unmet peer graphql-yoga@^5.16.2: found 5.15.1
│ ├─┬ @graphql-hive/gateway-runtime 1.11.1
│ │ ├─┬ @graphql-hive/yoga 0.42.5
│ │ │ └─┬ @graphql-yoga/plugin-persisted-operations 3.16.2
│ │ │   └── ✕ unmet peer graphql-yoga@^5.16.2: found 5.15.1
│ │ ├─┬ @graphql-yoga/plugin-apollo-usage-report 0.10.2
│ │ │ ├── ✕ unmet peer graphql-yoga@^5.15.2: found 5.15.1
│ │ │ └─┬ @graphql-yoga/plugin-apollo-inline-trace 3.16.2
│ │ │   └── ✕ unmet peer graphql-yoga@^5.16.2: found 5.15.1
│ │ ├─┬ @graphql-yoga/plugin-csrf-prevention 3.16.2
│ │ │ └── ✕ unmet peer graphql-yoga@^5.16.2: found 5.15.1
│ │ └─┬ @graphql-yoga/plugin-defer-stream 3.16.2
│ │   └── ✕ unmet peer graphql-yoga@^5.16.2: found 5.15.1
│ └─┬ @graphql-mesh/plugin-prometheus 1.3.55
│   └─┬ @graphql-yoga/plugin-prometheus 6.11.2
│     └── ✕ unmet peer graphql-yoga@^5.16.2: found 5.15.1
└─┬ vercel 51.5.1
  └─┬ @vercel/express 0.1.76
    └─┬ @vercel/cervel 0.0.50
      └─┬ @vercel/backends 0.0.63
        └─┬ oxc-transform 0.111.0
          └─┬ @oxc-transform/binding-wasm32-wasi 0.111.0
            └─┬ @napi-rs/wasm-runtime 1.1.4
              ├── ✕ unmet peer @emnapi/core@^1.7.1: found 1.6.0
              └── ✕ unmet peer @emnapi/runtime@^1.7.1: found 1.7.0

apps/cms
├─┬ @strapi/strapi 5.33.3
│ ├─┬ @strapi/content-manager 5.33.3
│ │ └─┬ @strapi/types 5.33.3
│ │   └─┬ typedoc 0.25.10
│ │     └── ✕ unmet peer typescript@"4.6.x || 4.7.x || 4.8.x || 4.9.x || 5.0.x || 5.1.x || 5.2.x || 5.3.x": found 5.4.4 in @strapi/strapi
│ ├─┬ @strapi/email 5.33.3
│ │ └── ✕ unmet peer koa@^2.15.2: found 3.0.1
│ └─┬ @strapi/content-type-builder 5.33.3
│   ├─┬ ai 5.0.52
│   │ ├── ✕ unmet peer zod@"^3.25.76 || ^4": found 3.25.67
│   │ └─┬ @ai-sdk/gateway 1.0.29
│   │   ├── ✕ unmet peer zod@"^3.25.76 || ^4": found 3.25.67
│   │   └─┬ @ai-sdk/provider-utils 3.0.9
│   │     └── ✕ unmet peer zod@"^3.25.76 || ^4": found 3.25.67
│   └─┬ @ai-sdk/react 2.0.120
│     ├── ✕ unmet peer zod@"^3.25.76 || ^4.1.8": found 3.25.67
│     └─┬ ai 5.0.118
│       ├── ✕ unmet peer zod@"^3.25.76 || ^4.1.8": found 3.25.67
│       └─┬ @ai-sdk/gateway 2.0.24
│         ├── ✕ unmet peer zod@"^3.25.76 || ^4.1.8": found 3.25.67
│         └─┬ @ai-sdk/provider-utils 3.0.20
│           └── ✕ unmet peer zod@"^3.25.76 || ^4.1.8": found 3.25.67
├─┬ @strapi/data-transfer 5.33.3
│ └─┬ @strapi/types 5.33.3
│   └─┬ typedoc 0.25.10
│     └── ✕ unmet peer typescript@"4.6.x || 4.7.x || 4.8.x || 4.9.x || 5.0.x || 5.1.x || 5.2.x || 5.3.x": found 5.9.3
└─┬ @strapi/plugin-graphql 5.33.3
  ├─┬ @as-integrations/koa 1.1.1
  │ └── ✕ unmet peer koa@^2.0.0: found 3.0.1
  └─┬ graphql-playground-middleware-koa 1.6.22
    └── ✕ unmet peer koa@^2: found 3.0.1

[22:12:16.863] [INFO] Installing dependencies...: WARN  Issues with peer de
[22:12:16.863] [INFO] Installing dependencies...: 

[22:12:16.863] [INFO] Installing dependencies...: 
[22:12:17.190] [INFO] Installing dependencies...: Packages: +162 -122
+++++++++++++++++++++++++++++++++++++++++++++-----------------------------------

[22:12:17.190] [INFO] Installing dependencies...: Packages: +162 -122
+++++
[22:12:23.399] [INFO] Installing dependencies...: .../sharp@0.34.4/node_modules/sharp install$ node install/check.js

[22:12:23.399] [INFO] Installing dependencies...: .../sharp@0.34.4/node_mod
[22:12:23.418] [INFO] Installing dependencies...: .../node_modules/nx postinstall$ node ./bin/post-install || exit 0

[22:12:23.418] [INFO] Installing dependencies...: .../node_modules/nx posti
[22:12:23.502] [INFO] Installing dependencies...: .../sharp@0.34.4/node_modules/sharp install: Done

[22:12:23.502] [INFO] Installing dependencies...: .../sharp@0.34.4/node_mod
[22:12:23.574] [INFO] Installing dependencies...: .../node_modules/nx postinstall: Done

[22:12:23.574] [INFO] Installing dependencies...: .../node_modules/nx posti
[22:12:24.109] [INFO] Installing dependencies...: . prepare$ husky install

[22:12:24.109] [INFO] Installing dependencies...: . prepare$ husky install
[22:12:24.146] [INFO] Installing dependencies...: . prepare: husky - Git hooks installed

[22:12:24.146] [INFO] Installing dependencies...: . prepare: husky - Git ho
[22:12:24.148] [INFO] Installing dependencies...: . prepare: Done

[22:12:24.148] [INFO] Installing dependencies...: . prepare: Done
[22:12:24.156] [INFO] Installing dependencies...: Done in 34.3s using pnpm v10.15.1

[22:12:24.156] [INFO] Installing dependencies...: Done in 34.3s using pnpm 
[22:12:24.290] [INFO] Dependencies installed
[22:12:24.290] [INFO] Dependencies installed
[22:12:24.290] [WARN] Since you are in a monorepo, we advise you to deduplicate your dependencies. We can do this for you but it might take some time.
[22:12:24.291] [INFO] Deduplicating dependencies...
[22:12:24.291] [INFO] Deduplicating dependencies...
[22:12:24.291] [DEBUG] Executing command: pnpm dedupe
[22:12:24.891] [INFO] Progress: resolved 1, reused 0, downloaded 0, added 0
[22:12:24.891] [INFO] Progress: resolved 1, reused 0, downloaded 0, added 0
[22:12:25.912] [INFO] Progress: resolved 75, reused 74, downloaded 0, added 0
[22:12:25.912] [INFO] Progress: resolved 75, reused 74, downloaded 0, added 0
[22:12:26.358] [INFO] WARN  deprecated i18next-parser@9.3.0: Project is deprecated, use i18next-cli instead
[22:12:26.358] [INFO] WARN  deprecated i18next-parser@9.3.0: Project is deprecated, use i18next-cli instead
[22:12:26.935] [INFO] Progress: resolved 158, reused 157, downloaded 0, added 0
[22:12:26.935] [INFO] Progress: resolved 158, reused 157, downloaded 0, added 0
[22:12:26.937] [INFO] WARN  deprecated @apollo/server@4.11.3: Apollo Server v4 is end-of-life since January 26, 2026. As long as you are already using a non-EOL version of Node.js, upgrading to v5 should take only a few minutes. See https://www.apollographql.com/docs/apollo-server/previous-versions for details.
[22:12:26.937] [INFO] WARN  deprecated @apollo/server@4.11.3: Apollo Server v4 is end-of-life since January 26, 2026. As long as you are already using a non-EOL version of Node.js, upgrading to v5 should take only a few minutes. See https://www.apollographql.com/docs/apollo-server/previous-versions for details.
[22:12:27.935] [INFO] Progress: resolved 236, reused 236, downloaded 0, added 0
[22:12:27.935] [INFO] Progress: resolved 236, reused 236, downloaded 0, added 0
[22:12:28.092] [INFO] WARN  deprecated adal-node@0.2.4: This package is no longer supported. Please migrate to @azure/msal-node.
[22:12:28.092] [INFO] WARN  deprecated adal-node@0.2.4: This package is no longer supported. Please migrate to @azure/msal-node.
[22:12:28.107] [INFO] WARN  deprecated @react-email/components@0.0.36: Package no longer supported. Contact Support at https://www.npmjs.com/support for more info.
[22:12:28.107] [INFO] WARN  deprecated @react-email/components@0.0.36: Package no longer supported. Contact Support at https://www.npmjs.com/support for more info.
[22:12:28.935] [INFO] Progress: resolved 331, reused 331, downloaded 0, added 0
[22:12:28.935] [INFO] Progress: resolved 331, reused 331, downloaded 0, added 0
[22:12:29.109] [INFO] WARN  deprecated subscriptions-transport-ws@0.11.0: The `subscriptions-transport-ws` package is no longer maintained. We recommend you use `graphql-ws` instead. For help migrating Apollo software to `graphql-ws`, see https://www.apollographql.com/docs/apollo-server/data/subscriptions/#switching-from-subscriptions-transport-ws    For general help using `graphql-ws`, see https://github.com/enisdenjo/graphql-ws/blob/master/README.md
[22:12:29.110] [INFO] WARN  deprecated subscriptions-transport-ws@0.11.0: The `subscriptions-transport-ws` package is no longer maintained. We recommend you use `graphql-ws` instead. For help migrating Apollo software to `graphql-ws`, see https://www.apollographql.com/docs/apollo-server/data/subscriptions/#switching-from-subscriptions-transport-ws    For general help using `graphql-ws`, see https://github.com/enisdenjo/graphql-ws/blob/master/README.md
[22:12:29.638] [INFO] WARN  deprecated next@15.5.7: This version has a security vulnerability. Please upgrade to a patched version. See https://nextjs.org/blog/security-update-2025-12-11 for more details.
[22:12:29.638] [INFO] WARN  deprecated next@15.5.7: This version has a security vulnerability. Please upgrade to a patched version. See https://nextjs.org/blog/security-update-2025-12-11 for more details.
[22:12:30.564] [INFO] Progress: resolved 373, reused 373, downloaded 0, added 0
[22:12:30.564] [INFO] Progress: resolved 373, reused 373, downloaded 0, added 0
[22:12:31.563] [INFO] Progress: resolved 400, reused 399, downloaded 0, added 0
[22:12:31.563] [INFO] Progress: resolved 400, reused 399, downloaded 0, added 0
[22:12:32.563] [INFO] Progress: resolved 550, reused 550, downloaded 0, added 0
[22:12:32.563] [INFO] Progress: resolved 550, reused 550, downloaded 0, added 0
[22:12:33.566] [INFO] Progress: resolved 614, reused 614, downloaded 0, added 0
[22:12:33.566] [INFO] Progress: resolved 614, reused 614, downloaded 0, added 0
[22:12:34.567] [INFO] Progress: resolved 737, reused 728, downloaded 0, added 0
[22:12:34.567] [INFO] Progress: resolved 737, reused 728, downloaded 0, added 0
[22:12:35.567] [INFO] Progress: resolved 931, reused 901, downloaded 0, added 0
[22:12:35.567] [INFO] Progress: resolved 931, reused 901, downloaded 0, added 0
[22:12:36.568] [INFO] Progress: resolved 1129, reused 1088, downloaded 0, added 0
[22:12:36.568] [INFO] Progress: resolved 1129, reused 1088, downloaded 0, added 0
[22:12:37.567] [INFO] Progress: resolved 1265, reused 1225, downloaded 0, added 0
[22:12:37.567] [INFO] Progress: resolved 1265, reused 1225, downloaded 0, added 0
[22:12:38.613] [INFO] Progress: resolved 1302, reused 1261, downloaded 0, added 0
[22:12:38.613] [INFO] Progress: resolved 1302, reused 1261, downloaded 0, added 0
[22:12:39.713] [INFO] Progress: resolved 1493, reused 1453, downloaded 0, added 0
[22:12:39.713] [INFO] Progress: resolved 1493, reused 1453, downloaded 0, added 0
[22:12:40.714] [INFO] Progress: resolved 1691, reused 1630, downloaded 0, added 0
[22:12:40.714] [INFO] Progress: resolved 1691, reused 1630, downloaded 0, added 0
[22:12:41.715] [INFO] Progress: resolved 1895, reused 1813, downloaded 0, added 0
[22:12:41.715] [INFO] Progress: resolved 1895, reused 1813, downloaded 0, added 0
[22:12:42.718] [INFO] Progress: resolved 2090, reused 2003, downloaded 0, added 0
[22:12:42.718] [INFO] Progress: resolved 2090, reused 2003, downloaded 0, added 0
[22:12:43.717] [INFO] Progress: resolved 2294, reused 2169, downloaded 0, added 0
[22:12:43.717] [INFO] Progress: resolved 2294, reused 2169, downloaded 0, added 0
[22:12:44.718] [INFO] Progress: resolved 2517, reused 2367, downloaded 0, added 0
[22:12:44.718] [INFO] Progress: resolved 2517, reused 2367, downloaded 0, added 0
[22:12:45.722] [INFO] Progress: resolved 2749, reused 2527, downloaded 0, added 0
[22:12:45.722] [INFO] Progress: resolved 2749, reused 2527, downloaded 0, added 0
[22:12:46.721] [INFO] Progress: resolved 2912, reused 2690, downloaded 0, added 0
[22:12:46.721] [INFO] Progress: resolved 2912, reused 2690, downloaded 0, added 0
[22:12:47.734] [INFO] Progress: resolved 2976, reused 2754, downloaded 0, added 0
[22:12:47.734] [INFO] Progress: resolved 2976, reused 2754, downloaded 0, added 0
[22:12:48.737] [INFO] Progress: resolved 2990, reused 2768, downloaded 0, added 0
[22:12:48.737] [INFO] Progress: resolved 2990, reused 2768, downloaded 0, added 0
[22:12:49.739] [INFO] Progress: resolved 3154, reused 2859, downloaded 0, added 0
[22:12:49.739] [INFO] Progress: resolved 3154, reused 2859, downloaded 0, added 0
[22:12:50.740] [INFO] Progress: resolved 3383, reused 3089, downloaded 0, added 0
[22:12:50.740] [INFO] Progress: resolved 3383, reused 3089, downloaded 0, added 0
[22:12:51.738] [INFO] Progress: resolved 3570, reused 3272, downloaded 0, added 0
[22:12:51.738] [INFO] Progress: resolved 3570, reused 3272, downloaded 0, added 0
[22:12:52.741] [INFO] Progress: resolved 3821, reused 3487, downloaded 0, added 0
[22:12:52.741] [INFO] Progress: resolved 3821, reused 3487, downloaded 0, added 0
[22:12:53.742] [INFO] Progress: resolved 4035, reused 3679, downloaded 0, added 0
[22:12:53.742] [INFO] Progress: resolved 4035, reused 3679, downloaded 0, added 0
[22:12:54.766] [INFO] Progress: resolved 4206, reused 3845, downloaded 0, added 0
[22:12:54.766] [INFO] Progress: resolved 4206, reused 3845, downloaded 0, added 0
[22:12:55.770] [INFO] Progress: resolved 4436, reused 4046, downloaded 0, added 0
[22:12:55.770] [INFO] Progress: resolved 4436, reused 4046, downloaded 0, added 0
[22:12:56.771] [INFO] Progress: resolved 4653, reused 4247, downloaded 0, added 0
[22:12:56.771] [INFO] Progress: resolved 4653, reused 4247, downloaded 0, added 0
[22:12:57.771] [INFO] Progress: resolved 4862, reused 4456, downloaded 0, added 0
[22:12:57.771] [INFO] Progress: resolved 4862, reused 4456, downloaded 0, added 0
[22:12:58.771] [INFO] Progress: resolved 5157, reused 4751, downloaded 0, added 0
[22:12:58.771] [INFO] Progress: resolved 5157, reused 4751, downloaded 0, added 0
[22:12:58.909] [INFO] WARN  deprecated puppeteer@23.7.0: < 24.15.0 is no longer supported
[22:12:58.909] [INFO] WARN  deprecated puppeteer@23.7.0: < 24.15.0 is no longer supported
[22:12:59.893] [INFO] WARN  44 deprecated subdependencies found: @apollo/server-gateway-interface@1.1.1, @apollo/server-plugin-landing-page-graphql-playground@4.0.1, @apollo/server@4.11.0, @datadog/native-iast-rewriter@2.8.0, @graphql-hive/logger-json@0.0.8, @graphql-mesh/plugin-opentelemetry@1.3.67, @graphql-tools/prisma-loader@8.0.4, @koa/router@12.0.2, @smithy/core@3.18.4, @xmldom/xmldom@0.8.6, boolean@3.2.0, buildmail@3.10.0, formidable@1.2.6, git-raw-commits@2.0.11, glob@10.3.4, glob@10.5.0, glob@7.2.3, glob@8.1.0, google-p12-pem@4.0.1, inflight@1.0.6, intl-messageformat-parser@1.8.1, lodash.get@4.4.2, lodash.isequal@4.5.0, lodash.omit@4.5.0, mailcomposer@3.12.0, mkdirp@0.3.0, multer@1.4.5-lts.1, next@14.2.33, next@15.1.2, node-domexception@1.0.0, prebuild-install@7.1.3, q@1.5.1, rimraf@2.7.1, rimraf@3.0.2, rollup-plugin-inject@3.0.2, sourcemap-codec@1.4.8, stable@0.1.8, superagent@3.8.1, tar@6.2.1, tar@7.5.7, uuid@3.4.0, whatwg-encoding@2.0.0, whatwg-encoding@3.1.1, wrangler@3.114.0
[22:12:59.893] [INFO] WARN  44 deprecated subdependencies found: @apollo/server-gateway-interface@1.1.1, @apollo/server-plugin-landing-page-graphql-playground@4.0.1, @apollo/server@4.11.0, @datadog/native-iast-rewriter@2.8.0, @graphql-hive/logger-json@0.0.8, @graphql-mesh/plugin-opentelemetry@1.3.67, @graphql-tools/prisma-loader@8.0.4, @koa/router@12.0.2, @smithy/core@3.18.4, @xmldom/xmldom@0.8.6, boolean@3.2.0, buildmail@3.10.0, formidable@1.2.6, git-raw-commits@2.0.11, glob@10.3.4, glob@10.5.0, glob@7.2.3, glob@8.1.0, google-p12-pem@4.0.1, inflight@1.0.6, intl-messageformat-parser@1.8.1, lodash.get@4.4.2, lodash.isequal@4.5.0, lodash.omit@4.5.0, mailcomposer@3.12.0, mkdirp@0.3.0, multer@1.4.5-lts.1, next@14.2.33, next@15.1.2, node-domexception@1.0.0, prebuild-install@7.1.3, q@1.5.1, rimraf@2.7.1, rimraf@3.0.2, rollup-plugin-inject@3.0.2, sourcemap-codec@1.4.8, stable@0.1.8, superagent@3.8.1, tar@6.2.1, tar@7.5.7, uuid@3.4.0, whatwg-encoding@2.0.0, whatwg-encoding@3.1.1, wrangler@3.114.0
[22:12:59.936] [INFO] Progress: resolved 5235, reused 4807, downloaded 0, added 0
[22:12:59.936] [INFO] Progress: resolved 5235, reused 4807, downloaded 0, added 0
[22:13:00.038] [INFO] Packages: -948
--------------------------------------------------------------------------------
[22:13:00.038] [INFO] Packages: -948
--------------------------------------------------------------------------------
[22:13:00.936] [INFO] Progress: resolved 5235, reused 4807, downloaded 0, added 279
[22:13:00.936] [INFO] Progress: resolved 5235, reused 4807, downloaded 0, added 279
[22:13:01.937] [INFO] Progress: resolved 5235, reused 4807, downloaded 0, added 352
[22:13:01.937] [INFO] Progress: resolved 5235, reused 4807, downloaded 0, added 352
[22:13:02.393] [INFO] Progress: resolved 5235, reused 4807, downloaded 0, added 353, done
[22:13:02.393] [INFO] Progress: resolved 5235, reused 4807, downloaded 0, added 353, done
[22:13:06.297] [INFO] . prepare$ husky install
[22:13:06.297] [INFO] . prepare$ husky install
[22:13:06.353] [INFO] . prepare: husky - Git hooks installed
[22:13:06.353] [INFO] . prepare: husky - Git hooks installed
[22:13:06.355] [INFO] . prepare: Done
[22:13:06.355] [INFO] . prepare: Done
[22:13:06.372] [INFO] WARN  Issues with peer dependencies found
.
├─┬ @nestjs/common 11.0.16
│ └── ✕ unmet peer file-type@^20.4.1: found 21.0.0
├─┬ vue-class-component 7.2.6
│ └── ✕ unmet peer vue@^2.0.0: found 3.5.13
├─┬ @naxodev/nx-cloudflare 5.0.2
│ └─┬ next 14.2.33
│   ├── ✕ unmet peer react@^18.2.0: found 19.2.5
│   └── ✕ unmet peer react-dom@^18.2.0: found 19.2.5
├─┬ @nx/storybook 22.6.5
│ └─┬ @nx/js 22.6.5
│   └─┬ @nx/workspace 22.6.5
│     └─┬ nx 22.6.5
│       ├── ✕ unmet peer @swc/core@^1.15.8: found 1.5.29
│       └── ✕ unmet peer @swc-node/register@^1.11.1: found 1.9.2
├─┬ @storybook/test 8.6.14
│ ├── ✕ unmet peer storybook@^8.6.14: found 10.3.5
│ └─┬ @storybook/instrumenter 8.6.14
│   └── ✕ unmet peer storybook@^8.6.14: found 10.3.5
├─┬ @casl/prisma 1.5.2
│ └── ✕ unmet peer @prisma/client@"^2.14.0 || ^3.0.0 || ^4.0.0 || ^5.0.0 || ^6.0.0": found 7.4.2
├─┬ @graphql-hive/gateway 1.16.5
│ ├─┬ @graphql-mesh/plugin-jwt-auth 1.5.10
│ │ └─┬ @graphql-yoga/plugin-jwt 3.10.2
│ │   └── ✕ unmet peer graphql-yoga@^5.16.2: found 5.15.1
│ ├─┬ @graphql-yoga/render-graphiql 5.16.2
│ │ └── ✕ unmet peer graphql-yoga@^5.16.2: found 5.15.1
│ ├─┬ @graphql-hive/gateway-runtime 1.11.1
│ │ ├─┬ @graphql-hive/yoga 0.42.5
│ │ │ └─┬ @graphql-yoga/plugin-persisted-operations 3.16.2
│ │ │   └── ✕ unmet peer graphql-yoga@^5.16.2: found 5.15.1
│ │ ├─┬ @graphql-yoga/plugin-defer-stream 3.16.2
│ │ │ └── ✕ unmet peer graphql-yoga@^5.16.2: found 5.15.1
│ │ ├─┬ @graphql-yoga/plugin-csrf-prevention 3.16.2
│ │ │ └── ✕ unmet peer graphql-yoga@^5.16.2: found 5.15.1
│ │ └─┬ @graphql-yoga/plugin-apollo-usage-report 0.10.2
│ │   ├── ✕ unmet peer graphql-yoga@^5.15.2: found 5.15.1
│ │   └─┬ @graphql-yoga/plugin-apollo-inline-trace 3.16.2
│ │     └── ✕ unmet peer graphql-yoga@^5.16.2: found 5.15.1
│ └─┬ @graphql-mesh/plugin-prometheus 1.3.55
│   └─┬ @graphql-yoga/plugin-prometheus 6.11.2
│     └── ✕ unmet peer graphql-yoga@^5.16.2: found 5.15.1
└─┬ vercel 51.5.1
  └─┬ @vercel/express 0.1.76
    └─┬ @vercel/cervel 0.0.50
      └─┬ @vercel/backends 0.0.63
        └─┬ oxc-transform 0.111.0
          └─┬ @oxc-transform/binding-wasm32-wasi 0.111.0
            └─┬ @napi-rs/wasm-runtime 1.1.4
              ├── ✕ unmet peer @emnapi/core@^1.7.1: found 1.6.0
              └── ✕ unmet peer @emnapi/runtime@^1.7.1: found 1.7.0

apps/cms
├─┬ @strapi/strapi 5.33.3
│ ├─┬ @strapi/content-manager 5.33.3
│ │ └─┬ @strapi/types 5.33.3
│ │   └─┬ typedoc 0.25.10
│ │     └── ✕ unmet peer typescript@"4.6.x || 4.7.x || 4.8.x || 4.9.x || 5.0.x || 5.1.x || 5.2.x || 5.3.x": found 5.4.4 in @strapi/strapi
│ ├─┬ @strapi/email 5.33.3
│ │ └── ✕ unmet peer koa@^2.15.2: found 3.0.1
│ └─┬ @strapi/content-type-builder 5.33.3
│   ├─┬ ai 5.0.52
│   │ ├── ✕ unmet peer zod@"^3.25.76 || ^4": found 3.25.67
│   │ └─┬ @ai-sdk/gateway 1.0.29
│   │   ├── ✕ unmet peer zod@"^3.25.76 || ^4": found 3.25.67
│   │   └─┬ @ai-sdk/provider-utils 3.0.9
│   │     └── ✕ unmet peer zod@"^3.25.76 || ^4": found 3.25.67
│   └─┬ @ai-sdk/react 2.0.120
│     ├── ✕ unmet peer zod@"^3.25.76 || ^4.1.8": found 3.25.67
│     └─┬ ai 5.0.118
│       ├── ✕ unmet peer zod@"^3.25.76 || ^4.1.8": found 3.25.67
│       └─┬ @ai-sdk/gateway 2.0.24
│         ├── ✕ unmet peer zod@"^3.25.76 || ^4.1.8": found 3.25.67
│         └─┬ @ai-sdk/provider-utils 3.0.20
│           └── ✕ unmet peer zod@"^3.25.76 || ^4.1.8": found 3.25.67
├─┬ @strapi/data-transfer 5.33.3
│ └─┬ @strapi/types 5.33.3
│   └─┬ typedoc 0.25.10
│     └── ✕ unmet peer typescript@"4.6.x || 4.7.x || 4.8.x || 4.9.x || 5.0.x || 5.1.x || 5.2.x || 5.3.x": found 5.9.3
└─┬ @strapi/plugin-graphql 5.33.3
  ├─┬ @as-integrations/koa 1.1.1
  │ └── ✕ unmet peer koa@^2.0.0: found 3.0.1
  └─┬ graphql-playground-middleware-koa 1.6.22
    └── ✕ unmet peer koa@^2: found 3.0.1
[22:13:06.372] [INFO] WARN  Issues with peer dependencies found
.
├─┬ @nestjs/common 11.0.16
│ └── ✕ unmet peer file-type@^20.4.1: found 21.0.0
├─┬ vue-class-component 7.2.6
│ └── ✕ unmet peer vue@^2.0.0: found 3.5.13
├─┬ @naxodev/nx-cloudflare 5.0.2
│ └─┬ next 14.2.33
│   ├── ✕ unmet peer react@^18.2.0: found 19.2.5
│   └── ✕ unmet peer react-dom@^18.2.0: found 19.2.5
├─┬ @nx/storybook 22.6.5
│ └─┬ @nx/js 22.6.5
│   └─┬ @nx/workspace 22.6.5
│     └─┬ nx 22.6.5
│       ├── ✕ unmet peer @swc/core@^1.15.8: found 1.5.29
│       └── ✕ unmet peer @swc-node/register@^1.11.1: found 1.9.2
├─┬ @storybook/test 8.6.14
│ ├── ✕ unmet peer storybook@^8.6.14: found 10.3.5
│ └─┬ @storybook/instrumenter 8.6.14
│   └── ✕ unmet peer storybook@^8.6.14: found 10.3.5
├─┬ @casl/prisma 1.5.2
│ └── ✕ unmet peer @prisma/client@"^2.14.0 || ^3.0.0 || ^4.0.0 || ^5.0.0 || ^6.0.0": found 7.4.2
├─┬ @graphql-hive/gateway 1.16.5
│ ├─┬ @graphql-mesh/plugin-jwt-auth 1.5.10
│ │ └─┬ @graphql-yoga/plugin-jwt 3.10.2
│ │   └── ✕ unmet peer graphql-yoga@^5.16.2: found 5.15.1
│ ├─┬ @graphql-yoga/render-graphiql 5.16.2
│ │ └── ✕ unmet peer graphql-yoga@^5.16.2: found 5.15.1
│ ├─┬ @graphql-hive/gateway-runtime 1.11.1
│ │ ├─┬ @graphql-hive/yoga 0.42.5
│ │ │ └─┬ @graphql-yoga/plugin-persisted-operations 3.16.2
│ │ │   └── ✕ unmet peer graphql-yoga@^5.16.2: found 5.15.1
│ │ ├─┬ @graphql-yoga/plugin-defer-stream 3.16.2
│ │ │ └── ✕ unmet peer graphql-yoga@^5.16.2: found 5.15.1
│ │ ├─┬ @graphql-yoga/plugin-csrf-prevention 3.16.2
│ │ │ └── ✕ unmet peer graphql-yoga@^5.16.2: found 5.15.1
│ │ └─┬ @graphql-yoga/plugin-apollo-usage-report 0.10.2
│ │   ├── ✕ unmet peer graphql-yoga@^5.15.2: found 5.15.1
│ │   └─┬ @graphql-yoga/plugin-apollo-inline-trace 3.16.2
│ │     └── ✕ unmet peer graphql-yoga@^5.16.2: found 5.15.1
│ └─┬ @graphql-mesh/plugin-prometheus 1.3.55
│   └─┬ @graphql-yoga/plugin-prometheus 6.11.2
│     └── ✕ unmet peer graphql-yoga@^5.16.2: found 5.15.1
└─┬ vercel 51.5.1
  └─┬ @vercel/express 0.1.76
    └─┬ @vercel/cervel 0.0.50
      └─┬ @vercel/backends 0.0.63
        └─┬ oxc-transform 0.111.0
          └─┬ @oxc-transform/binding-wasm32-wasi 0.111.0
            └─┬ @napi-rs/wasm-runtime 1.1.4
              ├── ✕ unmet peer @emnapi/core@^1.7.1: found 1.6.0
              └── ✕ unmet peer @emnapi/runtime@^1.7.1: found 1.7.0

apps/cms
├─┬ @strapi/strapi 5.33.3
│ ├─┬ @strapi/content-manager 5.33.3
│ │ └─┬ @strapi/types 5.33.3
│ │   └─┬ typedoc 0.25.10
│ │     └── ✕ unmet peer typescript@"4.6.x || 4.7.x || 4.8.x || 4.9.x || 5.0.x || 5.1.x || 5.2.x || 5.3.x": found 5.4.4 in @strapi/strapi
│ ├─┬ @strapi/email 5.33.3
│ │ └── ✕ unmet peer koa@^2.15.2: found 3.0.1
│ └─┬ @strapi/content-type-builder 5.33.3
│   ├─┬ ai 5.0.52
│   │ ├── ✕ unmet peer zod@"^3.25.76 || ^4": found 3.25.67
│   │ └─┬ @ai-sdk/gateway 1.0.29
│   │   ├── ✕ unmet peer zod@"^3.25.76 || ^4": found 3.25.67
│   │   └─┬ @ai-sdk/provider-utils 3.0.9
│   │     └── ✕ unmet peer zod@"^3.25.76 || ^4": found 3.25.67
│   └─┬ @ai-sdk/react 2.0.120
│     ├── ✕ unmet peer zod@"^3.25.76 || ^4.1.8": found 3.25.67
│     └─┬ ai 5.0.118
│       ├── ✕ unmet peer zod@"^3.25.76 || ^4.1.8": found 3.25.67
│       └─┬ @ai-sdk/gateway 2.0.24
│         ├── ✕ unmet peer zod@"^3.25.76 || ^4.1.8": found 3.25.67
│         └─┬ @ai-sdk/provider-utils 3.0.20
│           └── ✕ unmet peer zod@"^3.25.76 || ^4.1.8": found 3.25.67
├─┬ @strapi/data-transfer 5.33.3
│ └─┬ @strapi/types 5.33.3
│   └─┬ typedoc 0.25.10
│     └── ✕ unmet peer typescript@"4.6.x || 4.7.x || 4.8.x || 4.9.x || 5.0.x || 5.1.x || 5.2.x || 5.3.x": found 5.9.3
└─┬ @strapi/plugin-graphql 5.33.3
  ├─┬ @as-integrations/koa 1.1.1
  │ └── ✕ unmet peer koa@^2.0.0: found 3.0.1
  └─┬ graphql-playground-middleware-koa 1.6.22
    └── ✕ unmet peer koa@^2: found 3.0.1
[22:13:06.381] [INFO] dependencies:
- @algolia/client-search 5.21.0
+ @algolia/client-search 5.42.0 (5.51.0 is available)
- @opentelemetry/api 1.9.0
+ @opentelemetry/api 1.9.1
- @opentelemetry/resources 2.1.0
+ @opentelemetry/resources 2.2.0 (2.7.0 is available)
- @opentelemetry/semantic-conventions 1.30.0
+ @opentelemetry/semantic-conventions 1.38.0 (1.40.0 is available)
- algoliasearch 5.21.0
+ algoliasearch 5.42.0 (5.51.0 is available)
- axios 1.13.5
+ axios 1.15.0 (1.15.2 is available)
- dotenv 16.5.0
+ dotenv 16.6.1 (17.4.2 is available)
- form-data 4.0.4
+ form-data 4.0.5
- hono 4.10.3
+ hono 4.11.4 (4.12.14 is available)
- ioredis 5.6.0
+ ioredis 5.10.1
- qs 6.14.2
+ qs 6.15.1
- react 19.2.0
+ react 19.2.5
- react-dom 19.2.0
+ react-dom 19.2.5

devDependencies:
- @babel/core 7.28.4
+ @babel/core 7.29.0
- @babel/runtime 7.28.4
+ @babel/runtime 7.29.2
- @eslint/js 9.24.0
+ @eslint/js 9.39.1 (10.0.1 is available)
- @jest/globals 30.1.2
+ @jest/globals 30.2.0 (30.3.0 is available)
- @testing-library/jest-dom 6.8.0
+ @testing-library/jest-dom 6.9.1
- baseline-browser-mapping 2.9.7
+ baseline-browser-mapping 2.9.14 (2.10.21 is available)
- cosmiconfig 9.0.0
+ cosmiconfig 9.0.1
- eslint-plugin-import 2.31.0
+ eslint-plugin-import 2.32.0
- webpack-sources 3.2.3
+ webpack-sources 3.3.3 (3.4.0 is available)
[22:13:06.381] [INFO] dependencies:
- @algolia/client-search 5.21.0
+ @algolia/client-search 5.42.0 (5.51.0 is available)
- @opentelemetry/api 1.9.0
+ @opentelemetry/api 1.9.1
- @opentelemetry/resources 2.1.0
+ @opentelemetry/resources 2.2.0 (2.7.0 is available)
- @opentelemetry/semantic-conventions 1.30.0
+ @opentelemetry/semantic-conventions 1.38.0 (1.40.0 is available)
- algoliasearch 5.21.0
+ algoliasearch 5.42.0 (5.51.0 is available)
- axios 1.13.5
+ axios 1.15.0 (1.15.2 is available)
- dotenv 16.5.0
+ dotenv 16.6.1 (17.4.2 is available)
- form-data 4.0.4
+ form-data 4.0.5
- hono 4.10.3
+ hono 4.11.4 (4.12.14 is available)
- ioredis 5.6.0
+ ioredis 5.10.1
- qs 6.14.2
+ qs 6.15.1
- react 19.2.0
+ react 19.2.5
- react-dom 19.2.0
+ react-dom 19.2.5

devDependencies:
- @babel/core 7.28.4
+ @babel/core 7.29.0
- @babel/runtime 7.28.4
+ @babel/runtime 7.29.2
- @eslint/js 9.24.0
+ @eslint/js 9.39.1 (10.0.1 is available)
- @jest/globals 30.1.2
+ @jest/globals 30.2.0 (30.3.0 is available)
- @testing-library/jest-dom 6.8.0
+ @testing-library/jest-dom 6.9.1
- baseline-browser-mapping 2.9.7
+ baseline-browser-mapping 2.9.14 (2.10.21 is available)
- cosmiconfig 9.0.0
+ cosmiconfig 9.0.1
- eslint-plugin-import 2.31.0
+ eslint-plugin-import 2.32.0
- webpack-sources 3.2.3
+ webpack-sources 3.3.3 (3.4.0 is available)
[22:13:06.614] [INFO] Dependencies deduplicated
[22:13:06.614] [INFO] Dependencies deduplicated
[22:13:06.614] [INFO] Checking the health of your project(s)..
[22:13:06.615] [DEBUG] Using cached package.json for /workspaces/core.worktrees/main/package.json...
[22:13:06.615] [DEBUG] Using cached package.json for /workspaces/core.worktrees/main/apis/api-users/package.json...
[22:13:06.615] [DEBUG] Using cached package.json for /workspaces/core.worktrees/main/apis/api-journeys-modern/package.json...
[22:13:06.615] [DEBUG] Using cached package.json for /workspaces/core.worktrees/main/apis/api-journeys/package.json...
[22:13:06.617] [DEBUG] Executing command: pnpm list "@storybook/*" "storybook" --json --depth=99
[22:13:07.372] [WARN] /.storybook: 1 issue found
[22:13:07.372] [INFO] You are currently using Storybook 10.3.5 but you have packages which are incompatible with it:

- @storybook/test@8.6.14 which depends on 8.6.14
 Repo: https://github.com/storybookjs/storybook/tree/next/code/lib/test

Please consider updating your packages or contacting the maintainers for compatibility details.

For more details on compatibility guidance, see:
https://github.com/storybookjs/storybook/issues/32836
[22:13:07.373] [INFO] Storybook doctor is complete!
[22:13:07.373] [INFO] You can always recheck the health of your project(s) by running:
npx storybook doctor
[22:13:07.374] [INFO] Your project(s) have been upgraded successfully, but some issues were found which need your attention, please check Storybook doctor logs above.
[22:13:07.374] [INFO] If you want to learn more about the automigrations that executed in your project(s), please check the following links:
• ]8;;undefinedupgrade-storybook-related-dependencies]8;;
• ]8;;https://github.com/storybookjs/storybook/blob/next/MIGRATION.md#viewportbackgrounds-addon-synchronized-configuration-and-globals-usageaddon-globals-api]8;;
• ]8;;https://github.com/storybookjs/storybook/blob/next/MIGRATION.md#dropped-support-for-legacy-packagesconsolidated-imports]8;;
• ]8;;https://storybook.js.org/docs/get-started/frameworks/nextjs-vitenextjs-to-nextjs-vite]8;;
• ]8;;https://storybook.js.org/docs/faq#how-do-i-fix-module-resolution-in-special-environmentsfix-faux-esm-require]8;;
[22:13:07.375] [INFO] For a full list of changes, please check our migration guide: https://storybook.js.org/docs/releases/migration-guide?ref=upgrade
[22:13:07.377] [INFO] Storybook collects completely anonymous usage telemetry. We use it to shape Storybook's roadmap and prioritize features. You can learn more, including how to opt out, at https://storybook.js.org/telemetry
[22:13:08.670] [INFO] Storybook upgrade completed!